<?xml version="1.0" encoding="UTF-8"?>
<testsuite xmlns:xsi="http://www.w3.org/2001/XMLSchema-instance" xsi:noNamespaceSchemaLocation="https://maven.apache.org/surefire/maven-surefire-plugin/xsd/surefire-test-report-3.0.xsd" version="3.0" name="com.javatechie.OrderServiceApplicationTests" time="45.009" tests="1" errors="0" skipped="0" failures="0">
  <properties>
    <property name="java.specification.version" value="21"/>
    <property name="sun.cpu.isalist" value="amd64"/>
    <property name="sun.jnu.encoding" value="Cp1252"/>
    <property name="java.class.path" value="D:\Semester 6\PPLBO\PPLBO-Praktikum\Microservice Architecture Patterns\event-sourcing\order-service\target\test-classes;D:\Semester 6\PPLBO\PPLBO-Praktikum\Microservice Architecture Patterns\event-sourcing\order-service\target\classes;C:\Users\Asus s 14 Oled\.m2\repository\org\springframework\boot\spring-boot-starter-data-mongodb\3.3.3\spring-boot-starter-data-mongodb-3.3.3.jar;C:\Users\Asus s 14 Oled\.m2\repository\org\springframework\boot\spring-boot-starter\3.3.3\spring-boot-starter-3.3.3.jar;C:\Users\Asus s 14 Oled\.m2\repository\org\springframework\boot\spring-boot\3.3.3\spring-boot-3.3.3.jar;C:\Users\Asus s 14 Oled\.m2\repository\org\springframework\boot\spring-boot-autoconfigure\3.3.3\spring-boot-autoconfigure-3.3.3.jar;C:\Users\Asus s 14 Oled\.m2\repository\org\springframework\boot\spring-boot-starter-logging\3.3.3\spring-boot-starter-logging-3.3.3.jar;C:\Users\Asus s 14 Oled\.m2\repository\org\apache\logging\log4j\log4j-to-slf4j\2.23.1\log4j-to-slf4j-2.23.1.jar;C:\Users\Asus s 14 Oled\.m2\repository\org\apache\logging\log4j\log4j-api\2.23.1\log4j-api-2.23.1.jar;C:\Users\Asus s 14 Oled\.m2\repository\org\slf4j\jul-to-slf4j\2.0.16\jul-to-slf4j-2.0.16.jar;C:\Users\Asus s 14 Oled\.m2\repository\jakarta\annotation\jakarta.annotation-api\2.1.1\jakarta.annotation-api-2.1.1.jar;C:\Users\Asus s 14 Oled\.m2\repository\org\yaml\snakeyaml\2.2\snakeyaml-2.2.jar;C:\Users\Asus s 14 Oled\.m2\repository\org\mongodb\mongodb-driver-sync\5.0.1\mongodb-driver-sync-5.0.1.jar;C:\Users\Asus s 14 Oled\.m2\repository\org\mongodb\bson\5.0.1\bson-5.0.1.jar;C:\Users\Asus s 14 Oled\.m2\repository\org\mongodb\mongodb-driver-core\5.0.1\mongodb-driver-core-5.0.1.jar;C:\Users\Asus s 14 Oled\.m2\repository\org\mongodb\bson-record-codec\5.0.1\bson-record-codec-5.0.1.jar;C:\Users\Asus s 14 Oled\.m2\repository\org\springframework\data\spring-data-mongodb\4.3.3\spring-data-mongodb-4.3.3.jar;C:\Users\Asus s 14 Oled\.m2\repository\org\springframework\spring-beans\6.1.12\spring-beans-6.1.12.jar;C:\Users\Asus s 14 Oled\.m2\repository\org\springframework\spring-expression\6.1.12\spring-expression-6.1.12.jar;C:\Users\Asus s 14 Oled\.m2\repository\org\springframework\data\spring-data-commons\3.3.3\spring-data-commons-3.3.3.jar;C:\Users\Asus s 14 Oled\.m2\repository\org\slf4j\slf4j-api\2.0.16\slf4j-api-2.0.16.jar;C:\Users\Asus s 14 Oled\.m2\repository\org\springframework\boot\spring-boot-starter-web\3.3.3\spring-boot-starter-web-3.3.3.jar;C:\Users\Asus s 14 Oled\.m2\repository\org\springframework\boot\spring-boot-starter-json\3.3.3\spring-boot-starter-json-3.3.3.jar;C:\Users\Asus s 14 Oled\.m2\repository\com\fasterxml\jackson\core\jackson-databind\2.17.2\jackson-databind-2.17.2.jar;C:\Users\Asus s 14 Oled\.m2\repository\com\fasterxml\jackson\core\jackson-annotations\2.17.2\jackson-annotations-2.17.2.jar;C:\Users\Asus s 14 Oled\.m2\repository\com\fasterxml\jackson\core\jackson-core\2.17.2\jackson-core-2.17.2.jar;C:\Users\Asus s 14 Oled\.m2\repository\com\fasterxml\jackson\datatype\jackson-datatype-jdk8\2.17.2\jackson-datatype-jdk8-2.17.2.jar;C:\Users\Asus s 14 Oled\.m2\repository\com\fasterxml\jackson\datatype\jackson-datatype-jsr310\2.17.2\jackson-datatype-jsr310-2.17.2.jar;C:\Users\Asus s 14 Oled\.m2\repository\com\fasterxml\jackson\module\jackson-module-parameter-names\2.17.2\jackson-module-parameter-names-2.17.2.jar;C:\Users\Asus s 14 Oled\.m2\repository\org\springframework\boot\spring-boot-starter-tomcat\3.3.3\spring-boot-starter-tomcat-3.3.3.jar;C:\Users\Asus s 14 Oled\.m2\repository\org\apache\tomcat\embed\tomcat-embed-core\10.1.28\tomcat-embed-core-10.1.28.jar;C:\Users\Asus s 14 Oled\.m2\repository\org\apache\tomcat\embed\tomcat-embed-el\10.1.28\tomcat-embed-el-10.1.28.jar;C:\Users\Asus s 14 Oled\.m2\repository\org\apache\tomcat\embed\tomcat-embed-websocket\10.1.28\tomcat-embed-websocket-10.1.28.jar;C:\Users\Asus s 14 Oled\.m2\repository\org\springframework\spring-web\6.1.12\spring-web-6.1.12.jar;C:\Users\Asus s 14 Oled\.m2\repository\org\springframework\spring-webmvc\6.1.12\spring-webmvc-6.1.12.jar;C:\Users\Asus s 14 Oled\.m2\repository\org\springframework\spring-aop\6.1.12\spring-aop-6.1.12.jar;C:\Users\Asus s 14 Oled\.m2\repository\org\springframework\kafka\spring-kafka\3.2.3\spring-kafka-3.2.3.jar;C:\Users\Asus s 14 Oled\.m2\repository\org\springframework\spring-context\6.1.12\spring-context-6.1.12.jar;C:\Users\Asus s 14 Oled\.m2\repository\org\springframework\spring-messaging\6.1.12\spring-messaging-6.1.12.jar;C:\Users\Asus s 14 Oled\.m2\repository\org\springframework\spring-tx\6.1.12\spring-tx-6.1.12.jar;C:\Users\Asus s 14 Oled\.m2\repository\org\springframework\retry\spring-retry\2.0.8\spring-retry-2.0.8.jar;C:\Users\Asus s 14 Oled\.m2\repository\org\apache\kafka\kafka-clients\3.7.1\kafka-clients-3.7.1.jar;C:\Users\Asus s 14 Oled\.m2\repository\com\github\luben\zstd-jni\1.5.6-3\zstd-jni-1.5.6-3.jar;C:\Users\Asus s 14 Oled\.m2\repository\org\lz4\lz4-java\1.8.0\lz4-java-1.8.0.jar;C:\Users\Asus s 14 Oled\.m2\repository\org\xerial\snappy\snappy-java\1.1.10.5\snappy-java-1.1.10.5.jar;C:\Users\Asus s 14 Oled\.m2\repository\io\micrometer\micrometer-observation\1.13.3\micrometer-observation-1.13.3.jar;C:\Users\Asus s 14 Oled\.m2\repository\io\micrometer\micrometer-commons\1.13.3\micrometer-commons-1.13.3.jar;C:\Users\Asus s 14 Oled\.m2\repository\org\projectlombok\lombok\1.18.34\lombok-1.18.34.jar;C:\Users\Asus s 14 Oled\.m2\repository\org\springframework\boot\spring-boot-starter-test\3.3.3\spring-boot-starter-test-3.3.3.jar;C:\Users\Asus s 14 Oled\.m2\repository\org\springframework\boot\spring-boot-test\3.3.3\spring-boot-test-3.3.3.jar;C:\Users\Asus s 14 Oled\.m2\repository\org\springframework\boot\spring-boot-test-autoconfigure\3.3.3\spring-boot-test-autoconfigure-3.3.3.jar;C:\Users\Asus s 14 Oled\.m2\repository\com\jayway\jsonpath\json-path\2.9.0\json-path-2.9.0.jar;C:\Users\Asus s 14 Oled\.m2\repository\jakarta\xml\bind\jakarta.xml.bind-api\4.0.2\jakarta.xml.bind-api-4.0.2.jar;C:\Users\Asus s 14 Oled\.m2\repository\jakarta\activation\jakarta.activation-api\2.1.3\jakarta.activation-api-2.1.3.jar;C:\Users\Asus s 14 Oled\.m2\repository\net\minidev\json-smart\2.5.1\json-smart-2.5.1.jar;C:\Users\Asus s 14 Oled\.m2\repository\net\minidev\accessors-smart\2.5.1\accessors-smart-2.5.1.jar;C:\Users\Asus s 14 Oled\.m2\repository\org\ow2\asm\asm\9.6\asm-9.6.jar;C:\Users\Asus s 14 Oled\.m2\repository\org\assertj\assertj-core\3.25.3\assertj-core-3.25.3.jar;C:\Users\Asus s 14 Oled\.m2\repository\net\bytebuddy\byte-buddy\1.14.19\byte-buddy-1.14.19.jar;C:\Users\Asus s 14 Oled\.m2\repository\org\awaitility\awaitility\4.2.2\awaitility-4.2.2.jar;C:\Users\Asus s 14 Oled\.m2\repository\org\hamcrest\hamcrest\2.2\hamcrest-2.2.jar;C:\Users\Asus s 14 Oled\.m2\repository\org\junit\jupiter\junit-jupiter\5.10.3\junit-jupiter-5.10.3.jar;C:\Users\Asus s 14 Oled\.m2\repository\org\junit\jupiter\junit-jupiter-params\5.10.3\junit-jupiter-params-5.10.3.jar;C:\Users\Asus s 14 Oled\.m2\repository\org\junit\jupiter\junit-jupiter-engine\5.10.3\junit-jupiter-engine-5.10.3.jar;C:\Users\Asus s 14 Oled\.m2\repository\org\mockito\mockito-core\5.11.0\mockito-core-5.11.0.jar;C:\Users\Asus s 14 Oled\.m2\repository\net\bytebuddy\byte-buddy-agent\1.14.19\byte-buddy-agent-1.14.19.jar;C:\Users\Asus s 14 Oled\.m2\repository\org\objenesis\objenesis\3.3\objenesis-3.3.jar;C:\Users\Asus s 14 Oled\.m2\repository\org\mockito\mockito-junit-jupiter\5.11.0\mockito-junit-jupiter-5.11.0.jar;C:\Users\Asus s 14 Oled\.m2\repository\org\skyscreamer\jsonassert\1.5.3\jsonassert-1.5.3.jar;C:\Users\Asus s 14 Oled\.m2\repository\com\vaadin\external\google\android-json\0.0.20131108.vaadin1\android-json-0.0.20131108.vaadin1.jar;C:\Users\Asus s 14 Oled\.m2\repository\org\springframework\spring-core\6.1.12\spring-core-6.1.12.jar;C:\Users\Asus s 14 Oled\.m2\repository\org\springframework\spring-jcl\6.1.12\spring-jcl-6.1.12.jar;C:\Users\Asus s 14 Oled\.m2\repository\org\springframework\spring-test\6.1.12\spring-test-6.1.12.jar;C:\Users\Asus s 14 Oled\.m2\repository\org\xmlunit\xmlunit-core\2.9.1\xmlunit-core-2.9.1.jar;C:\Users\Asus s 14 Oled\.m2\repository\org\springframework\kafka\spring-kafka-test\3.2.3\spring-kafka-test-3.2.3.jar;C:\Users\Asus s 14 Oled\.m2\repository\org\apache\zookeeper\zookeeper\3.8.4\zookeeper-3.8.4.jar;C:\Users\Asus s 14 Oled\.m2\repository\org\apache\zookeeper\zookeeper-jute\3.8.4\zookeeper-jute-3.8.4.jar;C:\Users\Asus s 14 Oled\.m2\repository\org\apache\yetus\audience-annotations\0.12.0\audience-annotations-0.12.0.jar;C:\Users\Asus s 14 Oled\.m2\repository\io\netty\netty-handler\4.1.112.Final\netty-handler-4.1.112.Final.jar;C:\Users\Asus s 14 Oled\.m2\repository\io\netty\netty-common\4.1.112.Final\netty-common-4.1.112.Final.jar;C:\Users\Asus s 14 Oled\.m2\repository\io\netty\netty-resolver\4.1.112.Final\netty-resolver-4.1.112.Final.jar;C:\Users\Asus s 14 Oled\.m2\repository\io\netty\netty-buffer\4.1.112.Final\netty-buffer-4.1.112.Final.jar;C:\Users\Asus s 14 Oled\.m2\repository\io\netty\netty-transport\4.1.112.Final\netty-transport-4.1.112.Final.jar;C:\Users\Asus s 14 Oled\.m2\repository\io\netty\netty-transport-native-unix-common\4.1.112.Final\netty-transport-native-unix-common-4.1.112.Final.jar;C:\Users\Asus s 14 Oled\.m2\repository\io\netty\netty-codec\4.1.112.Final\netty-codec-4.1.112.Final.jar;C:\Users\Asus s 14 Oled\.m2\repository\io\netty\netty-transport-native-epoll\4.1.112.Final\netty-transport-native-epoll-4.1.112.Final.jar;C:\Users\Asus s 14 Oled\.m2\repository\io\netty\netty-transport-classes-epoll\4.1.112.Final\netty-transport-classes-epoll-4.1.112.Final.jar;C:\Users\Asus s 14 Oled\.m2\repository\ch\qos\logback\logback-core\1.5.7\logback-core-1.5.7.jar;C:\Users\Asus s 14 Oled\.m2\repository\ch\qos\logback\logback-classic\1.5.7\logback-classic-1.5.7.jar;C:\Users\Asus s 14 Oled\.m2\repository\commons-io\commons-io\2.11.0\commons-io-2.11.0.jar;C:\Users\Asus s 14 Oled\.m2\repository\org\apache\kafka\kafka-clients\3.7.1\kafka-clients-3.7.1-test.jar;C:\Users\Asus s 14 Oled\.m2\repository\org\apache\kafka\kafka-metadata\3.7.1\kafka-metadata-3.7.1.jar;C:\Users\Asus s 14 Oled\.m2\repository\org\apache\kafka\kafka-raft\3.7.1\kafka-raft-3.7.1.jar;C:\Users\Asus s 14 Oled\.m2\repository\com\yammer\metrics\metrics-core\2.2.0\metrics-core-2.2.0.jar;C:\Users\Asus s 14 Oled\.m2\repository\org\apache\kafka\kafka-server-common\3.7.1\kafka-server-common-3.7.1.jar;C:\Users\Asus s 14 Oled\.m2\repository\net\sf\jopt-simple\jopt-simple\5.0.4\jopt-simple-5.0.4.jar;C:\Users\Asus s 14 Oled\.m2\repository\org\pcollections\pcollections\4.0.1\pcollections-4.0.1.jar;C:\Users\Asus s 14 Oled\.m2\repository\org\apache\kafka\kafka-server-common\3.7.1\kafka-server-common-3.7.1-test.jar;C:\Users\Asus s 14 Oled\.m2\repository\org\apache\kafka\kafka-streams-test-utils\3.7.1\kafka-streams-test-utils-3.7.1.jar;C:\Users\Asus s 14 Oled\.m2\repository\org\apache\kafka\kafka-streams\3.7.1\kafka-streams-3.7.1.jar;C:\Users\Asus s 14 Oled\.m2\repository\org\rocksdb\rocksdbjni\7.9.2\rocksdbjni-7.9.2.jar;C:\Users\Asus s 14 Oled\.m2\repository\org\apache\kafka\kafka_2.13\3.7.1\kafka_2.13-3.7.1.jar;C:\Users\Asus s 14 Oled\.m2\repository\org\scala-lang\scala-library\2.13.12\scala-library-2.13.12.jar;C:\Users\Asus s 14 Oled\.m2\repository\org\apache\kafka\kafka-group-coordinator\3.7.1\kafka-group-coordinator-3.7.1.jar;C:\Users\Asus s 14 Oled\.m2\repository\org\apache\kafka\kafka-storage-api\3.7.1\kafka-storage-api-3.7.1.jar;C:\Users\Asus s 14 Oled\.m2\repository\org\apache\kafka\kafka-tools-api\3.7.1\kafka-tools-api-3.7.1.jar;C:\Users\Asus s 14 Oled\.m2\repository\org\apache\kafka\kafka-storage\3.7.1\kafka-storage-3.7.1.jar;C:\Users\Asus s 14 Oled\.m2\repository\com\github\ben-manes\caffeine\caffeine\3.1.8\caffeine-3.1.8.jar;C:\Users\Asus s 14 Oled\.m2\repository\org\checkerframework\checker-qual\3.37.0\checker-qual-3.37.0.jar;C:\Users\Asus s 14 Oled\.m2\repository\com\google\errorprone\error_prone_annotations\2.21.1\error_prone_annotations-2.21.1.jar;C:\Users\Asus s 14 Oled\.m2\repository\org\apache\kafka\kafka-server\3.7.1\kafka-server-3.7.1.jar;C:\Users\Asus s 14 Oled\.m2\repository\net\sourceforge\argparse4j\argparse4j\0.7.0\argparse4j-0.7.0.jar;C:\Users\Asus s 14 Oled\.m2\repository\commons-validator\commons-validator\1.7\commons-validator-1.7.jar;C:\Users\Asus s 14 Oled\.m2\repository\commons-beanutils\commons-beanutils\1.9.4\commons-beanutils-1.9.4.jar;C:\Users\Asus s 14 Oled\.m2\repository\commons-digester\commons-digester\2.1\commons-digester-2.1.jar;C:\Users\Asus s 14 Oled\.m2\repository\commons-collections\commons-collections\3.2.2\commons-collections-3.2.2.jar;C:\Users\Asus s 14 Oled\.m2\repository\com\fasterxml\jackson\module\jackson-module-scala_2.13\2.17.2\jackson-module-scala_2.13-2.17.2.jar;C:\Users\Asus s 14 Oled\.m2\repository\com\thoughtworks\paranamer\paranamer\2.8\paranamer-2.8.jar;C:\Users\Asus s 14 Oled\.m2\repository\com\fasterxml\jackson\dataformat\jackson-dataformat-csv\2.17.2\jackson-dataformat-csv-2.17.2.jar;C:\Users\Asus s 14 Oled\.m2\repository\org\bitbucket\b_c\jose4j\0.9.4\jose4j-0.9.4.jar;C:\Users\Asus s 14 Oled\.m2\repository\org\scala-lang\modules\scala-collection-compat_2.13\2.10.0\scala-collection-compat_2.13-2.10.0.jar;C:\Users\Asus s 14 Oled\.m2\repository\org\scala-lang\modules\scala-java8-compat_2.13\1.0.2\scala-java8-compat_2.13-1.0.2.jar;C:\Users\Asus s 14 Oled\.m2\repository\org\scala-lang\scala-reflect\2.13.12\scala-reflect-2.13.12.jar;C:\Users\Asus s 14 Oled\.m2\repository\com\typesafe\scala-logging\scala-logging_2.13\3.9.4\scala-logging_2.13-3.9.4.jar;C:\Users\Asus s 14 Oled\.m2\repository\io\dropwizard\metrics\metrics-core\4.1.12.1\metrics-core-4.1.12.1.jar;C:\Users\Asus s 14 Oled\.m2\repository\commons-cli\commons-cli\1.4\commons-cli-1.4.jar;C:\Users\Asus s 14 Oled\.m2\repository\org\apache\kafka\kafka_2.13\3.7.1\kafka_2.13-3.7.1-test.jar;C:\Users\Asus s 14 Oled\.m2\repository\org\junit\jupiter\junit-jupiter-api\5.10.3\junit-jupiter-api-5.10.3.jar;C:\Users\Asus s 14 Oled\.m2\repository\org\opentest4j\opentest4j\1.3.0\opentest4j-1.3.0.jar;C:\Users\Asus s 14 Oled\.m2\repository\org\junit\platform\junit-platform-commons\1.10.3\junit-platform-commons-1.10.3.jar;C:\Users\Asus s 14 Oled\.m2\repository\org\apiguardian\apiguardian-api\1.1.2\apiguardian-api-1.1.2.jar;C:\Users\Asus s 14 Oled\.m2\repository\org\junit\platform\junit-platform-launcher\1.10.3\junit-platform-launcher-1.10.3.jar;C:\Users\Asus s 14 Oled\.m2\repository\org\junit\platform\junit-platform-engine\1.10.3\junit-platform-engine-1.10.3.jar;"/>
    <property name="java.vm.vendor" value="Oracle Corporation"/>
    <property name="sun.arch.data.model" value="64"/>
    <property name="user.variant" value=""/>
    <property name="java.vendor.url" value="https://java.oracle.com/"/>
    <property name="user.timezone" value="Asia/Jakarta"/>
    <property name="os.name" value="Windows 11"/>
    <property name="java.vm.specification.version" value="21"/>
    <property name="sun.java.launcher" value="SUN_STANDARD"/>
    <property name="user.country" value="ID"/>
    <property name="sun.boot.library.path" value="C:\Program Files\Java\jdk-21\bin"/>
    <property name="sun.java.command" value="C:\Users\Asus s 14 Oled\AppData\Local\Temp\surefire8712951311920669250\surefirebooter-20250322203946644_3.jar C:\Users\Asus s 14 Oled\AppData\Local\Temp\surefire8712951311920669250 2025-03-22T20-39-46_503-jvmRun1 surefire-20250322203946644_1tmp surefire_0-20250322203946644_2tmp"/>
    <property name="jdk.debug" value="release"/>
    <property name="surefire.test.class.path" value="D:\Semester 6\PPLBO\PPLBO-Praktikum\Microservice Architecture Patterns\event-sourcing\order-service\target\test-classes;D:\Semester 6\PPLBO\PPLBO-Praktikum\Microservice Architecture Patterns\event-sourcing\order-service\target\classes;C:\Users\Asus s 14 Oled\.m2\repository\org\springframework\boot\spring-boot-starter-data-mongodb\3.3.3\spring-boot-starter-data-mongodb-3.3.3.jar;C:\Users\Asus s 14 Oled\.m2\repository\org\springframework\boot\spring-boot-starter\3.3.3\spring-boot-starter-3.3.3.jar;C:\Users\Asus s 14 Oled\.m2\repository\org\springframework\boot\spring-boot\3.3.3\spring-boot-3.3.3.jar;C:\Users\Asus s 14 Oled\.m2\repository\org\springframework\boot\spring-boot-autoconfigure\3.3.3\spring-boot-autoconfigure-3.3.3.jar;C:\Users\Asus s 14 Oled\.m2\repository\org\springframework\boot\spring-boot-starter-logging\3.3.3\spring-boot-starter-logging-3.3.3.jar;C:\Users\Asus s 14 Oled\.m2\repository\org\apache\logging\log4j\log4j-to-slf4j\2.23.1\log4j-to-slf4j-2.23.1.jar;C:\Users\Asus s 14 Oled\.m2\repository\org\apache\logging\log4j\log4j-api\2.23.1\log4j-api-2.23.1.jar;C:\Users\Asus s 14 Oled\.m2\repository\org\slf4j\jul-to-slf4j\2.0.16\jul-to-slf4j-2.0.16.jar;C:\Users\Asus s 14 Oled\.m2\repository\jakarta\annotation\jakarta.annotation-api\2.1.1\jakarta.annotation-api-2.1.1.jar;C:\Users\Asus s 14 Oled\.m2\repository\org\yaml\snakeyaml\2.2\snakeyaml-2.2.jar;C:\Users\Asus s 14 Oled\.m2\repository\org\mongodb\mongodb-driver-sync\5.0.1\mongodb-driver-sync-5.0.1.jar;C:\Users\Asus s 14 Oled\.m2\repository\org\mongodb\bson\5.0.1\bson-5.0.1.jar;C:\Users\Asus s 14 Oled\.m2\repository\org\mongodb\mongodb-driver-core\5.0.1\mongodb-driver-core-5.0.1.jar;C:\Users\Asus s 14 Oled\.m2\repository\org\mongodb\bson-record-codec\5.0.1\bson-record-codec-5.0.1.jar;C:\Users\Asus s 14 Oled\.m2\repository\org\springframework\data\spring-data-mongodb\4.3.3\spring-data-mongodb-4.3.3.jar;C:\Users\Asus s 14 Oled\.m2\repository\org\springframework\spring-beans\6.1.12\spring-beans-6.1.12.jar;C:\Users\Asus s 14 Oled\.m2\repository\org\springframework\spring-expression\6.1.12\spring-expression-6.1.12.jar;C:\Users\Asus s 14 Oled\.m2\repository\org\springframework\data\spring-data-commons\3.3.3\spring-data-commons-3.3.3.jar;C:\Users\Asus s 14 Oled\.m2\repository\org\slf4j\slf4j-api\2.0.16\slf4j-api-2.0.16.jar;C:\Users\Asus s 14 Oled\.m2\repository\org\springframework\boot\spring-boot-starter-web\3.3.3\spring-boot-starter-web-3.3.3.jar;C:\Users\Asus s 14 Oled\.m2\repository\org\springframework\boot\spring-boot-starter-json\3.3.3\spring-boot-starter-json-3.3.3.jar;C:\Users\Asus s 14 Oled\.m2\repository\com\fasterxml\jackson\core\jackson-databind\2.17.2\jackson-databind-2.17.2.jar;C:\Users\Asus s 14 Oled\.m2\repository\com\fasterxml\jackson\core\jackson-annotations\2.17.2\jackson-annotations-2.17.2.jar;C:\Users\Asus s 14 Oled\.m2\repository\com\fasterxml\jackson\core\jackson-core\2.17.2\jackson-core-2.17.2.jar;C:\Users\Asus s 14 Oled\.m2\repository\com\fasterxml\jackson\datatype\jackson-datatype-jdk8\2.17.2\jackson-datatype-jdk8-2.17.2.jar;C:\Users\Asus s 14 Oled\.m2\repository\com\fasterxml\jackson\datatype\jackson-datatype-jsr310\2.17.2\jackson-datatype-jsr310-2.17.2.jar;C:\Users\Asus s 14 Oled\.m2\repository\com\fasterxml\jackson\module\jackson-module-parameter-names\2.17.2\jackson-module-parameter-names-2.17.2.jar;C:\Users\Asus s 14 Oled\.m2\repository\org\springframework\boot\spring-boot-starter-tomcat\3.3.3\spring-boot-starter-tomcat-3.3.3.jar;C:\Users\Asus s 14 Oled\.m2\repository\org\apache\tomcat\embed\tomcat-embed-core\10.1.28\tomcat-embed-core-10.1.28.jar;C:\Users\Asus s 14 Oled\.m2\repository\org\apache\tomcat\embed\tomcat-embed-el\10.1.28\tomcat-embed-el-10.1.28.jar;C:\Users\Asus s 14 Oled\.m2\repository\org\apache\tomcat\embed\tomcat-embed-websocket\10.1.28\tomcat-embed-websocket-10.1.28.jar;C:\Users\Asus s 14 Oled\.m2\repository\org\springframework\spring-web\6.1.12\spring-web-6.1.12.jar;C:\Users\Asus s 14 Oled\.m2\repository\org\springframework\spring-webmvc\6.1.12\spring-webmvc-6.1.12.jar;C:\Users\Asus s 14 Oled\.m2\repository\org\springframework\spring-aop\6.1.12\spring-aop-6.1.12.jar;C:\Users\Asus s 14 Oled\.m2\repository\org\springframework\kafka\spring-kafka\3.2.3\spring-kafka-3.2.3.jar;C:\Users\Asus s 14 Oled\.m2\repository\org\springframework\spring-context\6.1.12\spring-context-6.1.12.jar;C:\Users\Asus s 14 Oled\.m2\repository\org\springframework\spring-messaging\6.1.12\spring-messaging-6.1.12.jar;C:\Users\Asus s 14 Oled\.m2\repository\org\springframework\spring-tx\6.1.12\spring-tx-6.1.12.jar;C:\Users\Asus s 14 Oled\.m2\repository\org\springframework\retry\spring-retry\2.0.8\spring-retry-2.0.8.jar;C:\Users\Asus s 14 Oled\.m2\repository\org\apache\kafka\kafka-clients\3.7.1\kafka-clients-3.7.1.jar;C:\Users\Asus s 14 Oled\.m2\repository\com\github\luben\zstd-jni\1.5.6-3\zstd-jni-1.5.6-3.jar;C:\Users\Asus s 14 Oled\.m2\repository\org\lz4\lz4-java\1.8.0\lz4-java-1.8.0.jar;C:\Users\Asus s 14 Oled\.m2\repository\org\xerial\snappy\snappy-java\1.1.10.5\snappy-java-1.1.10.5.jar;C:\Users\Asus s 14 Oled\.m2\repository\io\micrometer\micrometer-observation\1.13.3\micrometer-observation-1.13.3.jar;C:\Users\Asus s 14 Oled\.m2\repository\io\micrometer\micrometer-commons\1.13.3\micrometer-commons-1.13.3.jar;C:\Users\Asus s 14 Oled\.m2\repository\org\projectlombok\lombok\1.18.34\lombok-1.18.34.jar;C:\Users\Asus s 14 Oled\.m2\repository\org\springframework\boot\spring-boot-starter-test\3.3.3\spring-boot-starter-test-3.3.3.jar;C:\Users\Asus s 14 Oled\.m2\repository\org\springframework\boot\spring-boot-test\3.3.3\spring-boot-test-3.3.3.jar;C:\Users\Asus s 14 Oled\.m2\repository\org\springframework\boot\spring-boot-test-autoconfigure\3.3.3\spring-boot-test-autoconfigure-3.3.3.jar;C:\Users\Asus s 14 Oled\.m2\repository\com\jayway\jsonpath\json-path\2.9.0\json-path-2.9.0.jar;C:\Users\Asus s 14 Oled\.m2\repository\jakarta\xml\bind\jakarta.xml.bind-api\4.0.2\jakarta.xml.bind-api-4.0.2.jar;C:\Users\Asus s 14 Oled\.m2\repository\jakarta\activation\jakarta.activation-api\2.1.3\jakarta.activation-api-2.1.3.jar;C:\Users\Asus s 14 Oled\.m2\repository\net\minidev\json-smart\2.5.1\json-smart-2.5.1.jar;C:\Users\Asus s 14 Oled\.m2\repository\net\minidev\accessors-smart\2.5.1\accessors-smart-2.5.1.jar;C:\Users\Asus s 14 Oled\.m2\repository\org\ow2\asm\asm\9.6\asm-9.6.jar;C:\Users\Asus s 14 Oled\.m2\repository\org\assertj\assertj-core\3.25.3\assertj-core-3.25.3.jar;C:\Users\Asus s 14 Oled\.m2\repository\net\bytebuddy\byte-buddy\1.14.19\byte-buddy-1.14.19.jar;C:\Users\Asus s 14 Oled\.m2\repository\org\awaitility\awaitility\4.2.2\awaitility-4.2.2.jar;C:\Users\Asus s 14 Oled\.m2\repository\org\hamcrest\hamcrest\2.2\hamcrest-2.2.jar;C:\Users\Asus s 14 Oled\.m2\repository\org\junit\jupiter\junit-jupiter\5.10.3\junit-jupiter-5.10.3.jar;C:\Users\Asus s 14 Oled\.m2\repository\org\junit\jupiter\junit-jupiter-params\5.10.3\junit-jupiter-params-5.10.3.jar;C:\Users\Asus s 14 Oled\.m2\repository\org\junit\jupiter\junit-jupiter-engine\5.10.3\junit-jupiter-engine-5.10.3.jar;C:\Users\Asus s 14 Oled\.m2\repository\org\mockito\mockito-core\5.11.0\mockito-core-5.11.0.jar;C:\Users\Asus s 14 Oled\.m2\repository\net\bytebuddy\byte-buddy-agent\1.14.19\byte-buddy-agent-1.14.19.jar;C:\Users\Asus s 14 Oled\.m2\repository\org\objenesis\objenesis\3.3\objenesis-3.3.jar;C:\Users\Asus s 14 Oled\.m2\repository\org\mockito\mockito-junit-jupiter\5.11.0\mockito-junit-jupiter-5.11.0.jar;C:\Users\Asus s 14 Oled\.m2\repository\org\skyscreamer\jsonassert\1.5.3\jsonassert-1.5.3.jar;C:\Users\Asus s 14 Oled\.m2\repository\com\vaadin\external\google\android-json\0.0.20131108.vaadin1\android-json-0.0.20131108.vaadin1.jar;C:\Users\Asus s 14 Oled\.m2\repository\org\springframework\spring-core\6.1.12\spring-core-6.1.12.jar;C:\Users\Asus s 14 Oled\.m2\repository\org\springframework\spring-jcl\6.1.12\spring-jcl-6.1.12.jar;C:\Users\Asus s 14 Oled\.m2\repository\org\springframework\spring-test\6.1.12\spring-test-6.1.12.jar;C:\Users\Asus s 14 Oled\.m2\repository\org\xmlunit\xmlunit-core\2.9.1\xmlunit-core-2.9.1.jar;C:\Users\Asus s 14 Oled\.m2\repository\org\springframework\kafka\spring-kafka-test\3.2.3\spring-kafka-test-3.2.3.jar;C:\Users\Asus s 14 Oled\.m2\repository\org\apache\zookeeper\zookeeper\3.8.4\zookeeper-3.8.4.jar;C:\Users\Asus s 14 Oled\.m2\repository\org\apache\zookeeper\zookeeper-jute\3.8.4\zookeeper-jute-3.8.4.jar;C:\Users\Asus s 14 Oled\.m2\repository\org\apache\yetus\audience-annotations\0.12.0\audience-annotations-0.12.0.jar;C:\Users\Asus s 14 Oled\.m2\repository\io\netty\netty-handler\4.1.112.Final\netty-handler-4.1.112.Final.jar;C:\Users\Asus s 14 Oled\.m2\repository\io\netty\netty-common\4.1.112.Final\netty-common-4.1.112.Final.jar;C:\Users\Asus s 14 Oled\.m2\repository\io\netty\netty-resolver\4.1.112.Final\netty-resolver-4.1.112.Final.jar;C:\Users\Asus s 14 Oled\.m2\repository\io\netty\netty-buffer\4.1.112.Final\netty-buffer-4.1.112.Final.jar;C:\Users\Asus s 14 Oled\.m2\repository\io\netty\netty-transport\4.1.112.Final\netty-transport-4.1.112.Final.jar;C:\Users\Asus s 14 Oled\.m2\repository\io\netty\netty-transport-native-unix-common\4.1.112.Final\netty-transport-native-unix-common-4.1.112.Final.jar;C:\Users\Asus s 14 Oled\.m2\repository\io\netty\netty-codec\4.1.112.Final\netty-codec-4.1.112.Final.jar;C:\Users\Asus s 14 Oled\.m2\repository\io\netty\netty-transport-native-epoll\4.1.112.Final\netty-transport-native-epoll-4.1.112.Final.jar;C:\Users\Asus s 14 Oled\.m2\repository\io\netty\netty-transport-classes-epoll\4.1.112.Final\netty-transport-classes-epoll-4.1.112.Final.jar;C:\Users\Asus s 14 Oled\.m2\repository\ch\qos\logback\logback-core\1.5.7\logback-core-1.5.7.jar;C:\Users\Asus s 14 Oled\.m2\repository\ch\qos\logback\logback-classic\1.5.7\logback-classic-1.5.7.jar;C:\Users\Asus s 14 Oled\.m2\repository\commons-io\commons-io\2.11.0\commons-io-2.11.0.jar;C:\Users\Asus s 14 Oled\.m2\repository\org\apache\kafka\kafka-clients\3.7.1\kafka-clients-3.7.1-test.jar;C:\Users\Asus s 14 Oled\.m2\repository\org\apache\kafka\kafka-metadata\3.7.1\kafka-metadata-3.7.1.jar;C:\Users\Asus s 14 Oled\.m2\repository\org\apache\kafka\kafka-raft\3.7.1\kafka-raft-3.7.1.jar;C:\Users\Asus s 14 Oled\.m2\repository\com\yammer\metrics\metrics-core\2.2.0\metrics-core-2.2.0.jar;C:\Users\Asus s 14 Oled\.m2\repository\org\apache\kafka\kafka-server-common\3.7.1\kafka-server-common-3.7.1.jar;C:\Users\Asus s 14 Oled\.m2\repository\net\sf\jopt-simple\jopt-simple\5.0.4\jopt-simple-5.0.4.jar;C:\Users\Asus s 14 Oled\.m2\repository\org\pcollections\pcollections\4.0.1\pcollections-4.0.1.jar;C:\Users\Asus s 14 Oled\.m2\repository\org\apache\kafka\kafka-server-common\3.7.1\kafka-server-common-3.7.1-test.jar;C:\Users\Asus s 14 Oled\.m2\repository\org\apache\kafka\kafka-streams-test-utils\3.7.1\kafka-streams-test-utils-3.7.1.jar;C:\Users\Asus s 14 Oled\.m2\repository\org\apache\kafka\kafka-streams\3.7.1\kafka-streams-3.7.1.jar;C:\Users\Asus s 14 Oled\.m2\repository\org\rocksdb\rocksdbjni\7.9.2\rocksdbjni-7.9.2.jar;C:\Users\Asus s 14 Oled\.m2\repository\org\apache\kafka\kafka_2.13\3.7.1\kafka_2.13-3.7.1.jar;C:\Users\Asus s 14 Oled\.m2\repository\org\scala-lang\scala-library\2.13.12\scala-library-2.13.12.jar;C:\Users\Asus s 14 Oled\.m2\repository\org\apache\kafka\kafka-group-coordinator\3.7.1\kafka-group-coordinator-3.7.1.jar;C:\Users\Asus s 14 Oled\.m2\repository\org\apache\kafka\kafka-storage-api\3.7.1\kafka-storage-api-3.7.1.jar;C:\Users\Asus s 14 Oled\.m2\repository\org\apache\kafka\kafka-tools-api\3.7.1\kafka-tools-api-3.7.1.jar;C:\Users\Asus s 14 Oled\.m2\repository\org\apache\kafka\kafka-storage\3.7.1\kafka-storage-3.7.1.jar;C:\Users\Asus s 14 Oled\.m2\repository\com\github\ben-manes\caffeine\caffeine\3.1.8\caffeine-3.1.8.jar;C:\Users\Asus s 14 Oled\.m2\repository\org\checkerframework\checker-qual\3.37.0\checker-qual-3.37.0.jar;C:\Users\Asus s 14 Oled\.m2\repository\com\google\errorprone\error_prone_annotations\2.21.1\error_prone_annotations-2.21.1.jar;C:\Users\Asus s 14 Oled\.m2\repository\org\apache\kafka\kafka-server\3.7.1\kafka-server-3.7.1.jar;C:\Users\Asus s 14 Oled\.m2\repository\net\sourceforge\argparse4j\argparse4j\0.7.0\argparse4j-0.7.0.jar;C:\Users\Asus s 14 Oled\.m2\repository\commons-validator\commons-validator\1.7\commons-validator-1.7.jar;C:\Users\Asus s 14 Oled\.m2\repository\commons-beanutils\commons-beanutils\1.9.4\commons-beanutils-1.9.4.jar;C:\Users\Asus s 14 Oled\.m2\repository\commons-digester\commons-digester\2.1\commons-digester-2.1.jar;C:\Users\Asus s 14 Oled\.m2\repository\commons-collections\commons-collections\3.2.2\commons-collections-3.2.2.jar;C:\Users\Asus s 14 Oled\.m2\repository\com\fasterxml\jackson\module\jackson-module-scala_2.13\2.17.2\jackson-module-scala_2.13-2.17.2.jar;C:\Users\Asus s 14 Oled\.m2\repository\com\thoughtworks\paranamer\paranamer\2.8\paranamer-2.8.jar;C:\Users\Asus s 14 Oled\.m2\repository\com\fasterxml\jackson\dataformat\jackson-dataformat-csv\2.17.2\jackson-dataformat-csv-2.17.2.jar;C:\Users\Asus s 14 Oled\.m2\repository\org\bitbucket\b_c\jose4j\0.9.4\jose4j-0.9.4.jar;C:\Users\Asus s 14 Oled\.m2\repository\org\scala-lang\modules\scala-collection-compat_2.13\2.10.0\scala-collection-compat_2.13-2.10.0.jar;C:\Users\Asus s 14 Oled\.m2\repository\org\scala-lang\modules\scala-java8-compat_2.13\1.0.2\scala-java8-compat_2.13-1.0.2.jar;C:\Users\Asus s 14 Oled\.m2\repository\org\scala-lang\scala-reflect\2.13.12\scala-reflect-2.13.12.jar;C:\Users\Asus s 14 Oled\.m2\repository\com\typesafe\scala-logging\scala-logging_2.13\3.9.4\scala-logging_2.13-3.9.4.jar;C:\Users\Asus s 14 Oled\.m2\repository\io\dropwizard\metrics\metrics-core\4.1.12.1\metrics-core-4.1.12.1.jar;C:\Users\Asus s 14 Oled\.m2\repository\commons-cli\commons-cli\1.4\commons-cli-1.4.jar;C:\Users\Asus s 14 Oled\.m2\repository\org\apache\kafka\kafka_2.13\3.7.1\kafka_2.13-3.7.1-test.jar;C:\Users\Asus s 14 Oled\.m2\repository\org\junit\jupiter\junit-jupiter-api\5.10.3\junit-jupiter-api-5.10.3.jar;C:\Users\Asus s 14 Oled\.m2\repository\org\opentest4j\opentest4j\1.3.0\opentest4j-1.3.0.jar;C:\Users\Asus s 14 Oled\.m2\repository\org\junit\platform\junit-platform-commons\1.10.3\junit-platform-commons-1.10.3.jar;C:\Users\Asus s 14 Oled\.m2\repository\org\apiguardian\apiguardian-api\1.1.2\apiguardian-api-1.1.2.jar;C:\Users\Asus s 14 Oled\.m2\repository\org\junit\platform\junit-platform-launcher\1.10.3\junit-platform-launcher-1.10.3.jar;C:\Users\Asus s 14 Oled\.m2\repository\org\junit\platform\junit-platform-engine\1.10.3\junit-platform-engine-1.10.3.jar;"/>
    <property name="sun.cpu.endian" value="little"/>
    <property name="user.home" value="C:\Users\Asus s 14 Oled"/>
    <property name="user.language" value="en"/>
    <property name="java.specification.vendor" value="Oracle Corporation"/>
    <property name="java.version.date" value="2025-01-21"/>
    <property name="java.home" value="C:\Program Files\Java\jdk-21"/>
    <property name="file.separator" value="\"/>
    <property name="basedir" value="D:\Semester 6\PPLBO\PPLBO-Praktikum\Microservice Architecture Patterns\event-sourcing\order-service"/>
    <property name="java.vm.compressedOopsMode" value="Zero based"/>
    <property name="line.separator" value="&#10;"/>
    <property name="java.vm.specification.vendor" value="Oracle Corporation"/>
    <property name="java.specification.name" value="Java Platform API Specification"/>
    <property name="FILE_LOG_CHARSET" value="UTF-8"/>
    <property name="java.awt.headless" value="true"/>
    <property name="surefire.real.class.path" value="C:\Users\Asus s 14 Oled\AppData\Local\Temp\surefire8712951311920669250\surefirebooter-20250322203946644_3.jar"/>
    <property name="user.script" value=""/>
    <property name="sun.management.compiler" value="HotSpot 64-Bit Tiered Compilers"/>
    <property name="java.runtime.version" value="21.0.6+8-LTS-188"/>
    <property name="user.name" value="Asus s 14 Oled"/>
    <property name="stdout.encoding" value="Cp1252"/>
    <property name="path.separator" value=";"/>
    <property name="os.version" value="10.0"/>
    <property name="java.runtime.name" value="Java(TM) SE Runtime Environment"/>
    <property name="file.encoding" value="UTF-8"/>
    <property name="java.vm.name" value="Java HotSpot(TM) 64-Bit Server VM"/>
    <property name="localRepository" value="C:\Users\Asus s 14 Oled\.m2\repository"/>
    <property name="java.vendor.url.bug" value="https://bugreport.java.com/bugreport/"/>
    <property name="java.io.tmpdir" value="C:\Users\ASUSS1~1\AppData\Local\Temp\"/>
    <property name="idea.version" value="2024.3.4.1"/>
    <property name="java.version" value="21.0.6"/>
    <property name="user.dir" value="D:\Semester 6\PPLBO\PPLBO-Praktikum\Microservice Architecture Patterns\event-sourcing\order-service"/>
    <property name="os.arch" value="amd64"/>
    <property name="java.vm.specification.name" value="Java Virtual Machine Specification"/>
    <property name="PID" value="24116"/>
    <property name="sun.os.patch.level" value=""/>
    <property name="CONSOLE_LOG_CHARSET" value="UTF-8"/>
    <property name="native.encoding" value="Cp1252"/>
    <property name="java.library.path" value="C:\Program Files\Java\jdk-21\bin;C:\WINDOWS\Sun\Java\bin;C:\WINDOWS\system32;C:\WINDOWS;C:\Program Files\Common Files\Oracle\Java\javapath;C:\WINDOWS\system32;C:\WINDOWS;C:\WINDOWS\System32\Wbem;C:\WINDOWS\System32\WindowsPowerShell\v1.0\;C:\WINDOWS\System32\OpenSSH\;C:\Program Files\Docker\Docker\resources\bin;C:\Program Files\Git\cmd;C:\Program Files\Java\jdk-21\bin;C:\Windows\kafka_2.12-3.9.0\bin;C:\Windows\apache-maven-3.9.9\bin;;C:\minikube;C:\Users\Asus s 14 Oled\AppData\Local\Microsoft\WindowsApps;C:\Users\Asus s 14 Oled\AppData\Local\Programs\Microsoft VS Code\bin;C:\Program Files\JetBrains\IntelliJ IDEA 2024.3.4.1\bin;."/>
    <property name="java.vm.info" value="mixed mode, sharing"/>
    <property name="stderr.encoding" value="Cp1252"/>
    <property name="java.vendor" value="Oracle Corporation"/>
    <property name="java.vm.version" value="21.0.6+8-LTS-188"/>
    <property name="sun.io.unicode.encoding" value="UnicodeLittle"/>
    <property name="java.class.version" value="65.0"/>
    <property name="LOGGED_APPLICATION_NAME" value="[order-service] "/>
  </properties>
  <testcase name="contextLoads" classname="com.javatechie.OrderServiceApplicationTests" time="0.785">
    <system-out><![CDATA[20:39:48.092 [main] INFO org.springframework.test.context.support.AnnotationConfigContextLoaderUtils -- Could not detect default configuration classes for test class [com.javatechie.OrderServiceApplicationTests]: OrderServiceApplicationTests does not declare any static, non-private, non-final, nested classes annotated with @Configuration.
20:39:48.289 [main] INFO org.springframework.boot.test.context.SpringBootTestContextBootstrapper -- Found @SpringBootConfiguration com.javatechie.OrderServiceApplication for test class com.javatechie.OrderServiceApplicationTests

  .   ____          _            __ _ _
 /\\ / ___'_ __ _ _(_)_ __  __ _ \ \ \ \
( ( )\___ | '_ | '_| | '_ \/ _` | \ \ \ \
 \\/  ___)| |_)| | | | | || (_| |  ) ) ) )
  '  |____| .__|_| |_|_| |_\__, | / / / /
 =========|_|==============|___/=/_/_/_/

 :: Spring Boot ::                (v3.3.3)

2025-03-22T20:39:48.847+07:00  INFO 24116 --- [order-service] [           main] c.j.OrderServiceApplicationTests         : Starting OrderServiceApplicationTests using Java 21.0.6 with PID 24116 (started by Asus s 14 Oled in D:\Semester 6\PPLBO\PPLBO-Praktikum\Microservice Architecture Patterns\event-sourcing\order-service)
2025-03-22T20:39:48.849+07:00  INFO 24116 --- [order-service] [           main] c.j.OrderServiceApplicationTests         : No active profile set, falling back to 1 default profile: "default"
2025-03-22T20:39:49.858+07:00  INFO 24116 --- [order-service] [           main] .s.d.r.c.RepositoryConfigurationDelegate : Bootstrapping Spring Data MongoDB repositories in DEFAULT mode.
2025-03-22T20:39:49.917+07:00  INFO 24116 --- [order-service] [           main] .s.d.r.c.RepositoryConfigurationDelegate : Finished Spring Data repository scanning in 54 ms. Found 1 MongoDB repository interface.
2025-03-22T20:39:50.499+07:00  INFO 24116 --- [order-service] [           main] org.mongodb.driver.client                : MongoClient with metadata {"driver": {"name": "mongo-java-driver|sync|spring-boot", "version": "5.0.1"}, "os": {"type": "Windows", "name": "Windows 11", "architecture": "amd64", "version": "10.0"}, "platform": "Java/Oracle Corporation/21.0.6+8-LTS-188"} created with settings MongoClientSettings{readPreference=primary, writeConcern=WriteConcern{w=null, wTimeout=null ms, journal=null}, retryWrites=true, retryReads=true, readConcern=ReadConcern{level=null}, credential=null, transportSettings=null, commandListeners=[], codecRegistry=ProvidersCodecRegistry{codecProviders=[ValueCodecProvider{}, BsonValueCodecProvider{}, DBRefCodecProvider{}, DBObjectCodecProvider{}, DocumentCodecProvider{}, CollectionCodecProvider{}, IterableCodecProvider{}, MapCodecProvider{}, GeoJsonCodecProvider{}, GridFSFileCodecProvider{}, Jsr310CodecProvider{}, JsonObjectCodecProvider{}, BsonCodecProvider{}, EnumCodecProvider{}, com.mongodb.client.model.mql.ExpressionCodecProvider@67332b1e, com.mongodb.Jep395RecordCodecProvider@7e34b127, com.mongodb.KotlinCodecProvider@679dd234]}, loggerSettings=LoggerSettings{maxDocumentLength=1000}, clusterSettings={hosts=[localhost:27017], srvServiceName=mongodb, mode=SINGLE, requiredClusterType=UNKNOWN, requiredReplicaSetName='null', serverSelector='null', clusterListeners='[]', serverSelectionTimeout='30000 ms', localThreshold='15 ms'}, socketSettings=SocketSettings{connectTimeoutMS=10000, readTimeoutMS=0, receiveBufferSize=0, proxySettings=ProxySettings{host=null, port=null, username=null, password=null}}, heartbeatSocketSettings=SocketSettings{connectTimeoutMS=10000, readTimeoutMS=10000, receiveBufferSize=0, proxySettings=ProxySettings{host=null, port=null, username=null, password=null}}, connectionPoolSettings=ConnectionPoolSettings{maxSize=100, minSize=0, maxWaitTimeMS=120000, maxConnectionLifeTimeMS=0, maxConnectionIdleTimeMS=0, maintenanceInitialDelayMS=0, maintenanceFrequencyMS=60000, connectionPoolListeners=[], maxConnecting=2}, serverSettings=ServerSettings{heartbeatFrequencyMS=10000, minHeartbeatFrequencyMS=500, serverListeners='[]', serverMonitorListeners='[]'}, sslSettings=SslSettings{enabled=false, invalidHostNameAllowed=false, context=null}, applicationName='null', compressorList=[], uuidRepresentation=JAVA_LEGACY, serverApi=null, autoEncryptionSettings=null, dnsClient=null, inetAddressResolver=null, contextProvider=null}
2025-03-22T20:39:50.490+07:00  INFO 24116 --- [order-service] [localhost:27017] org.mongodb.driver.cluster               : Exception in monitor thread while connecting to server localhost:27017

com.mongodb.MongoSocketOpenException: Exception opening socket
	at com.mongodb.internal.connection.SocketStream.lambda$open$0(SocketStream.java:86) ~[mongodb-driver-core-5.0.1.jar:na]
	at java.base/java.util.Optional.orElseThrow(Optional.java:403) ~[na:na]
	at com.mongodb.internal.connection.SocketStream.open(SocketStream.java:86) ~[mongodb-driver-core-5.0.1.jar:na]
	at com.mongodb.internal.connection.InternalStreamConnection.open(InternalStreamConnection.java:201) ~[mongodb-driver-core-5.0.1.jar:na]
	at com.mongodb.internal.connection.DefaultServerMonitor$ServerMonitorRunnable.lookupServerDescription(DefaultServerMonitor.java:193) ~[mongodb-driver-core-5.0.1.jar:na]
	at com.mongodb.internal.connection.DefaultServerMonitor$ServerMonitorRunnable.run(DefaultServerMonitor.java:153) ~[mongodb-driver-core-5.0.1.jar:na]
	at java.base/java.lang.Thread.run(Thread.java:1583) ~[na:na]
Caused by: java.net.ConnectException: Connection refused: getsockopt
	at java.base/sun.nio.ch.Net.pollConnect(Native Method) ~[na:na]
	at java.base/sun.nio.ch.Net.pollConnectNow(Net.java:682) ~[na:na]
	at java.base/sun.nio.ch.NioSocketImpl.timedFinishConnect(NioSocketImpl.java:542) ~[na:na]
	at java.base/sun.nio.ch.NioSocketImpl.connect(NioSocketImpl.java:592) ~[na:na]
	at java.base/java.net.SocksSocketImpl.connect(SocksSocketImpl.java:327) ~[na:na]
	at java.base/java.net.Socket.connect(Socket.java:751) ~[na:na]
	at com.mongodb.internal.connection.SocketStreamHelper.initialize(SocketStreamHelper.java:76) ~[mongodb-driver-core-5.0.1.jar:na]
	at com.mongodb.internal.connection.SocketStream.initializeSocket(SocketStream.java:105) ~[mongodb-driver-core-5.0.1.jar:na]
	at com.mongodb.internal.connection.SocketStream.open(SocketStream.java:80) ~[mongodb-driver-core-5.0.1.jar:na]
	... 4 common frames omitted

2025-03-22T20:39:51.899+07:00  INFO 24116 --- [order-service] [           main] o.a.k.clients.admin.AdminClientConfig    : AdminClientConfig values: 
	auto.include.jmx.reporter = true
	bootstrap.controllers = []
	bootstrap.servers = [localhost:9092]
	client.dns.lookup = use_all_dns_ips
	client.id = order-service-admin-0
	connections.max.idle.ms = 300000
	default.api.timeout.ms = 60000
	enable.metrics.push = true
	metadata.max.age.ms = 300000
	metric.reporters = []
	metrics.num.samples = 2
	metrics.recording.level = INFO
	metrics.sample.window.ms = 30000
	receive.buffer.bytes = 65536
	reconnect.backoff.max.ms = 1000
	reconnect.backoff.ms = 50
	request.timeout.ms = 30000
	retries = 2147483647
	retry.backoff.max.ms = 1000
	retry.backoff.ms = 100
	sasl.client.callback.handler.class = null
	sasl.jaas.config = null
	sasl.kerberos.kinit.cmd = /usr/bin/kinit
	sasl.kerberos.min.time.before.relogin = 60000
	sasl.kerberos.service.name = null
	sasl.kerberos.ticket.renew.jitter = 0.05
	sasl.kerberos.ticket.renew.window.factor = 0.8
	sasl.login.callback.handler.class = null
	sasl.login.class = null
	sasl.login.connect.timeout.ms = null
	sasl.login.read.timeout.ms = null
	sasl.login.refresh.buffer.seconds = 300
	sasl.login.refresh.min.period.seconds = 60
	sasl.login.refresh.window.factor = 0.8
	sasl.login.refresh.window.jitter = 0.05
	sasl.login.retry.backoff.max.ms = 10000
	sasl.login.retry.backoff.ms = 100
	sasl.mechanism = GSSAPI
	sasl.oauthbearer.clock.skew.seconds = 30
	sasl.oauthbearer.expected.audience = null
	sasl.oauthbearer.expected.issuer = null
	sasl.oauthbearer.jwks.endpoint.refresh.ms = 3600000
	sasl.oauthbearer.jwks.endpoint.retry.backoff.max.ms = 10000
	sasl.oauthbearer.jwks.endpoint.retry.backoff.ms = 100
	sasl.oauthbearer.jwks.endpoint.url = null
	sasl.oauthbearer.scope.claim.name = scope
	sasl.oauthbearer.sub.claim.name = sub
	sasl.oauthbearer.token.endpoint.url = null
	security.protocol = PLAINTEXT
	security.providers = null
	send.buffer.bytes = 131072
	socket.connection.setup.timeout.max.ms = 30000
	socket.connection.setup.timeout.ms = 10000
	ssl.cipher.suites = null
	ssl.enabled.protocols = [TLSv1.2, TLSv1.3]
	ssl.endpoint.identification.algorithm = https
	ssl.engine.factory.class = null
	ssl.key.password = null
	ssl.keymanager.algorithm = SunX509
	ssl.keystore.certificate.chain = null
	ssl.keystore.key = null
	ssl.keystore.location = null
	ssl.keystore.password = null
	ssl.keystore.type = JKS
	ssl.protocol = TLSv1.3
	ssl.provider = null
	ssl.secure.random.implementation = null
	ssl.trustmanager.algorithm = PKIX
	ssl.truststore.certificates = null
	ssl.truststore.location = null
	ssl.truststore.password = null
	ssl.truststore.type = JKS

2025-03-22T20:39:52.118+07:00  INFO 24116 --- [order-service] [           main] o.a.kafka.common.utils.AppInfoParser     : Kafka version: 3.7.1
2025-03-22T20:39:52.119+07:00  INFO 24116 --- [order-service] [           main] o.a.kafka.common.utils.AppInfoParser     : Kafka commitId: e2494e6ffb89f828
2025-03-22T20:39:52.119+07:00  INFO 24116 --- [order-service] [           main] o.a.kafka.common.utils.AppInfoParser     : Kafka startTimeMs: 1742650792117
2025-03-22T20:39:52.132+07:00  INFO 24116 --- [order-service] [service-admin-0] org.apache.kafka.clients.NetworkClient   : [AdminClient clientId=order-service-admin-0] Node -1 disconnected.
2025-03-22T20:39:52.133+07:00  WARN 24116 --- [order-service] [service-admin-0] org.apache.kafka.clients.NetworkClient   : [AdminClient clientId=order-service-admin-0] Connection to node -1 (localhost/127.0.0.1:9092) could not be established. Node may not be available.
2025-03-22T20:39:52.251+07:00  INFO 24116 --- [order-service] [service-admin-0] org.apache.kafka.clients.NetworkClient   : [AdminClient clientId=order-service-admin-0] Node -1 disconnected.
2025-03-22T20:39:52.252+07:00  WARN 24116 --- [order-service] [service-admin-0] org.apache.kafka.clients.NetworkClient   : [AdminClient clientId=order-service-admin-0] Connection to node -1 (localhost/127.0.0.1:9092) could not be established. Node may not be available.
2025-03-22T20:39:52.362+07:00  INFO 24116 --- [order-service] [service-admin-0] org.apache.kafka.clients.NetworkClient   : [AdminClient clientId=order-service-admin-0] Node -1 disconnected.
2025-03-22T20:39:52.365+07:00  WARN 24116 --- [order-service] [service-admin-0] org.apache.kafka.clients.NetworkClient   : [AdminClient clientId=order-service-admin-0] Connection to node -1 (localhost/127.0.0.1:9092) could not be established. Node may not be available.
2025-03-22T20:39:52.580+07:00  INFO 24116 --- [order-service] [service-admin-0] org.apache.kafka.clients.NetworkClient   : [AdminClient clientId=order-service-admin-0] Node -1 disconnected.
2025-03-22T20:39:52.580+07:00  WARN 24116 --- [order-service] [service-admin-0] org.apache.kafka.clients.NetworkClient   : [AdminClient clientId=order-service-admin-0] Connection to node -1 (localhost/127.0.0.1:9092) could not be established. Node may not be available.
2025-03-22T20:39:53.019+07:00  INFO 24116 --- [order-service] [service-admin-0] org.apache.kafka.clients.NetworkClient   : [AdminClient clientId=order-service-admin-0] Node -1 disconnected.
2025-03-22T20:39:53.021+07:00  WARN 24116 --- [order-service] [service-admin-0] org.apache.kafka.clients.NetworkClient   : [AdminClient clientId=order-service-admin-0] Connection to node -1 (localhost/127.0.0.1:9092) could not be established. Node may not be available.
2025-03-22T20:39:53.779+07:00  INFO 24116 --- [order-service] [service-admin-0] org.apache.kafka.clients.NetworkClient   : [AdminClient clientId=order-service-admin-0] Node -1 disconnected.
2025-03-22T20:39:53.779+07:00  WARN 24116 --- [order-service] [service-admin-0] org.apache.kafka.clients.NetworkClient   : [AdminClient clientId=order-service-admin-0] Connection to node -1 (localhost/127.0.0.1:9092) could not be established. Node may not be available.
2025-03-22T20:39:54.752+07:00  INFO 24116 --- [order-service] [service-admin-0] org.apache.kafka.clients.NetworkClient   : [AdminClient clientId=order-service-admin-0] Node -1 disconnected.
2025-03-22T20:39:54.753+07:00  WARN 24116 --- [order-service] [service-admin-0] org.apache.kafka.clients.NetworkClient   : [AdminClient clientId=order-service-admin-0] Connection to node -1 (localhost/127.0.0.1:9092) could not be established. Node may not be available.
2025-03-22T20:39:55.731+07:00  INFO 24116 --- [order-service] [service-admin-0] org.apache.kafka.clients.NetworkClient   : [AdminClient clientId=order-service-admin-0] Node -1 disconnected.
2025-03-22T20:39:55.731+07:00  WARN 24116 --- [order-service] [service-admin-0] org.apache.kafka.clients.NetworkClient   : [AdminClient clientId=order-service-admin-0] Connection to node -1 (localhost/127.0.0.1:9092) could not be established. Node may not be available.
2025-03-22T20:39:56.727+07:00  INFO 24116 --- [order-service] [service-admin-0] org.apache.kafka.clients.NetworkClient   : [AdminClient clientId=order-service-admin-0] Node -1 disconnected.
2025-03-22T20:39:56.728+07:00  WARN 24116 --- [order-service] [service-admin-0] org.apache.kafka.clients.NetworkClient   : [AdminClient clientId=order-service-admin-0] Connection to node -1 (localhost/127.0.0.1:9092) could not be established. Node may not be available.
2025-03-22T20:39:57.705+07:00  INFO 24116 --- [order-service] [service-admin-0] org.apache.kafka.clients.NetworkClient   : [AdminClient clientId=order-service-admin-0] Node -1 disconnected.
2025-03-22T20:39:57.706+07:00  WARN 24116 --- [order-service] [service-admin-0] org.apache.kafka.clients.NetworkClient   : [AdminClient clientId=order-service-admin-0] Connection to node -1 (localhost/127.0.0.1:9092) could not be established. Node may not be available.
2025-03-22T20:39:58.743+07:00  INFO 24116 --- [order-service] [service-admin-0] org.apache.kafka.clients.NetworkClient   : [AdminClient clientId=order-service-admin-0] Node -1 disconnected.
2025-03-22T20:39:58.744+07:00  WARN 24116 --- [order-service] [service-admin-0] org.apache.kafka.clients.NetworkClient   : [AdminClient clientId=order-service-admin-0] Connection to node -1 (localhost/127.0.0.1:9092) could not be established. Node may not be available.
2025-03-22T20:39:59.616+07:00  INFO 24116 --- [order-service] [service-admin-0] org.apache.kafka.clients.NetworkClient   : [AdminClient clientId=order-service-admin-0] Node -1 disconnected.
2025-03-22T20:39:59.616+07:00  WARN 24116 --- [order-service] [service-admin-0] org.apache.kafka.clients.NetworkClient   : [AdminClient clientId=order-service-admin-0] Connection to node -1 (localhost/127.0.0.1:9092) could not be established. Node may not be available.
2025-03-22T20:40:00.701+07:00  INFO 24116 --- [order-service] [service-admin-0] org.apache.kafka.clients.NetworkClient   : [AdminClient clientId=order-service-admin-0] Node -1 disconnected.
2025-03-22T20:40:00.702+07:00  WARN 24116 --- [order-service] [service-admin-0] org.apache.kafka.clients.NetworkClient   : [AdminClient clientId=order-service-admin-0] Connection to node -1 (localhost/127.0.0.1:9092) could not be established. Node may not be available.
2025-03-22T20:40:01.787+07:00  INFO 24116 --- [order-service] [service-admin-0] org.apache.kafka.clients.NetworkClient   : [AdminClient clientId=order-service-admin-0] Node -1 disconnected.
2025-03-22T20:40:01.787+07:00  WARN 24116 --- [order-service] [service-admin-0] org.apache.kafka.clients.NetworkClient   : [AdminClient clientId=order-service-admin-0] Connection to node -1 (localhost/127.0.0.1:9092) could not be established. Node may not be available.
2025-03-22T20:40:02.656+07:00  INFO 24116 --- [order-service] [service-admin-0] org.apache.kafka.clients.NetworkClient   : [AdminClient clientId=order-service-admin-0] Node -1 disconnected.
2025-03-22T20:40:02.657+07:00  WARN 24116 --- [order-service] [service-admin-0] org.apache.kafka.clients.NetworkClient   : [AdminClient clientId=order-service-admin-0] Connection to node -1 (localhost/127.0.0.1:9092) could not be established. Node may not be available.
2025-03-22T20:40:03.633+07:00  INFO 24116 --- [order-service] [service-admin-0] org.apache.kafka.clients.NetworkClient   : [AdminClient clientId=order-service-admin-0] Node -1 disconnected.
2025-03-22T20:40:03.634+07:00  WARN 24116 --- [order-service] [service-admin-0] org.apache.kafka.clients.NetworkClient   : [AdminClient clientId=order-service-admin-0] Connection to node -1 (localhost/127.0.0.1:9092) could not be established. Node may not be available.
2025-03-22T20:40:04.628+07:00  INFO 24116 --- [order-service] [service-admin-0] org.apache.kafka.clients.NetworkClient   : [AdminClient clientId=order-service-admin-0] Node -1 disconnected.
2025-03-22T20:40:04.629+07:00  WARN 24116 --- [order-service] [service-admin-0] org.apache.kafka.clients.NetworkClient   : [AdminClient clientId=order-service-admin-0] Connection to node -1 (localhost/127.0.0.1:9092) could not be established. Node may not be available.
2025-03-22T20:40:05.724+07:00  INFO 24116 --- [order-service] [service-admin-0] org.apache.kafka.clients.NetworkClient   : [AdminClient clientId=order-service-admin-0] Node -1 disconnected.
2025-03-22T20:40:05.725+07:00  WARN 24116 --- [order-service] [service-admin-0] org.apache.kafka.clients.NetworkClient   : [AdminClient clientId=order-service-admin-0] Connection to node -1 (localhost/127.0.0.1:9092) could not be established. Node may not be available.
2025-03-22T20:40:06.779+07:00  INFO 24116 --- [order-service] [service-admin-0] org.apache.kafka.clients.NetworkClient   : [AdminClient clientId=order-service-admin-0] Node -1 disconnected.
2025-03-22T20:40:06.779+07:00  WARN 24116 --- [order-service] [service-admin-0] org.apache.kafka.clients.NetworkClient   : [AdminClient clientId=order-service-admin-0] Connection to node -1 (localhost/127.0.0.1:9092) could not be established. Node may not be available.
2025-03-22T20:40:07.872+07:00  INFO 24116 --- [order-service] [service-admin-0] org.apache.kafka.clients.NetworkClient   : [AdminClient clientId=order-service-admin-0] Node -1 disconnected.
2025-03-22T20:40:07.873+07:00  WARN 24116 --- [order-service] [service-admin-0] org.apache.kafka.clients.NetworkClient   : [AdminClient clientId=order-service-admin-0] Connection to node -1 (localhost/127.0.0.1:9092) could not be established. Node may not be available.
2025-03-22T20:40:08.744+07:00  INFO 24116 --- [order-service] [service-admin-0] org.apache.kafka.clients.NetworkClient   : [AdminClient clientId=order-service-admin-0] Node -1 disconnected.
2025-03-22T20:40:08.746+07:00  WARN 24116 --- [order-service] [service-admin-0] org.apache.kafka.clients.NetworkClient   : [AdminClient clientId=order-service-admin-0] Connection to node -1 (localhost/127.0.0.1:9092) could not be established. Node may not be available.
2025-03-22T20:40:09.834+07:00  INFO 24116 --- [order-service] [service-admin-0] org.apache.kafka.clients.NetworkClient   : [AdminClient clientId=order-service-admin-0] Node -1 disconnected.
2025-03-22T20:40:09.834+07:00  WARN 24116 --- [order-service] [service-admin-0] org.apache.kafka.clients.NetworkClient   : [AdminClient clientId=order-service-admin-0] Connection to node -1 (localhost/127.0.0.1:9092) could not be established. Node may not be available.
2025-03-22T20:40:10.847+07:00  INFO 24116 --- [order-service] [service-admin-0] org.apache.kafka.clients.NetworkClient   : [AdminClient clientId=order-service-admin-0] Node -1 disconnected.
2025-03-22T20:40:10.848+07:00  WARN 24116 --- [order-service] [service-admin-0] org.apache.kafka.clients.NetworkClient   : [AdminClient clientId=order-service-admin-0] Connection to node -1 (localhost/127.0.0.1:9092) could not be established. Node may not be available.
2025-03-22T20:40:11.957+07:00  INFO 24116 --- [order-service] [service-admin-0] org.apache.kafka.clients.NetworkClient   : [AdminClient clientId=order-service-admin-0] Node -1 disconnected.
2025-03-22T20:40:11.958+07:00  WARN 24116 --- [order-service] [service-admin-0] org.apache.kafka.clients.NetworkClient   : [AdminClient clientId=order-service-admin-0] Connection to node -1 (localhost/127.0.0.1:9092) could not be established. Node may not be available.
2025-03-22T20:40:13.057+07:00  INFO 24116 --- [order-service] [service-admin-0] org.apache.kafka.clients.NetworkClient   : [AdminClient clientId=order-service-admin-0] Node -1 disconnected.
2025-03-22T20:40:13.058+07:00  WARN 24116 --- [order-service] [service-admin-0] org.apache.kafka.clients.NetworkClient   : [AdminClient clientId=order-service-admin-0] Connection to node -1 (localhost/127.0.0.1:9092) could not be established. Node may not be available.
2025-03-22T20:40:14.052+07:00  INFO 24116 --- [order-service] [service-admin-0] org.apache.kafka.clients.NetworkClient   : [AdminClient clientId=order-service-admin-0] Node -1 disconnected.
2025-03-22T20:40:14.052+07:00  WARN 24116 --- [order-service] [service-admin-0] org.apache.kafka.clients.NetworkClient   : [AdminClient clientId=order-service-admin-0] Connection to node -1 (localhost/127.0.0.1:9092) could not be established. Node may not be available.
2025-03-22T20:40:15.141+07:00  INFO 24116 --- [order-service] [service-admin-0] org.apache.kafka.clients.NetworkClient   : [AdminClient clientId=order-service-admin-0] Node -1 disconnected.
2025-03-22T20:40:15.141+07:00  WARN 24116 --- [order-service] [service-admin-0] org.apache.kafka.clients.NetworkClient   : [AdminClient clientId=order-service-admin-0] Connection to node -1 (localhost/127.0.0.1:9092) could not be established. Node may not be available.
2025-03-22T20:40:16.225+07:00  INFO 24116 --- [order-service] [service-admin-0] org.apache.kafka.clients.NetworkClient   : [AdminClient clientId=order-service-admin-0] Node -1 disconnected.
2025-03-22T20:40:16.225+07:00  WARN 24116 --- [order-service] [service-admin-0] org.apache.kafka.clients.NetworkClient   : [AdminClient clientId=order-service-admin-0] Connection to node -1 (localhost/127.0.0.1:9092) could not be established. Node may not be available.
2025-03-22T20:40:17.319+07:00  INFO 24116 --- [order-service] [service-admin-0] org.apache.kafka.clients.NetworkClient   : [AdminClient clientId=order-service-admin-0] Node -1 disconnected.
2025-03-22T20:40:17.319+07:00  WARN 24116 --- [order-service] [service-admin-0] org.apache.kafka.clients.NetworkClient   : [AdminClient clientId=order-service-admin-0] Connection to node -1 (localhost/127.0.0.1:9092) could not be established. Node may not be available.
2025-03-22T20:40:18.403+07:00  INFO 24116 --- [order-service] [service-admin-0] org.apache.kafka.clients.NetworkClient   : [AdminClient clientId=order-service-admin-0] Node -1 disconnected.
2025-03-22T20:40:18.403+07:00  WARN 24116 --- [order-service] [service-admin-0] org.apache.kafka.clients.NetworkClient   : [AdminClient clientId=order-service-admin-0] Connection to node -1 (localhost/127.0.0.1:9092) could not be established. Node may not be available.
2025-03-22T20:40:19.495+07:00  INFO 24116 --- [order-service] [service-admin-0] org.apache.kafka.clients.NetworkClient   : [AdminClient clientId=order-service-admin-0] Node -1 disconnected.
2025-03-22T20:40:19.495+07:00  WARN 24116 --- [order-service] [service-admin-0] org.apache.kafka.clients.NetworkClient   : [AdminClient clientId=order-service-admin-0] Connection to node -1 (localhost/127.0.0.1:9092) could not be established. Node may not be available.
2025-03-22T20:40:20.595+07:00  INFO 24116 --- [order-service] [service-admin-0] org.apache.kafka.clients.NetworkClient   : [AdminClient clientId=order-service-admin-0] Node -1 disconnected.
2025-03-22T20:40:20.596+07:00  WARN 24116 --- [order-service] [service-admin-0] org.apache.kafka.clients.NetworkClient   : [AdminClient clientId=order-service-admin-0] Connection to node -1 (localhost/127.0.0.1:9092) could not be established. Node may not be available.
2025-03-22T20:40:21.576+07:00  INFO 24116 --- [order-service] [service-admin-0] org.apache.kafka.clients.NetworkClient   : [AdminClient clientId=order-service-admin-0] Node -1 disconnected.
2025-03-22T20:40:21.576+07:00  WARN 24116 --- [order-service] [service-admin-0] org.apache.kafka.clients.NetworkClient   : [AdminClient clientId=order-service-admin-0] Connection to node -1 (localhost/127.0.0.1:9092) could not be established. Node may not be available.
2025-03-22T20:40:22.131+07:00  INFO 24116 --- [order-service] [service-admin-0] o.a.k.c.a.i.AdminMetadataManager         : [AdminClient clientId=order-service-admin-0] Metadata update failed

org.apache.kafka.common.errors.TimeoutException: Timed out waiting for a node assignment. Call: fetchMetadata

2025-03-22T20:40:22.133+07:00 ERROR 24116 --- [order-service] [           main] o.springframework.kafka.core.KafkaAdmin  : Could not configure topics

org.springframework.kafka.KafkaException: Timed out waiting to get existing topics
	at org.springframework.kafka.core.KafkaAdmin.lambda$checkPartitions$13(KafkaAdmin.java:550) ~[spring-kafka-3.2.3.jar:3.2.3]
	at java.base/java.util.HashMap.forEach(HashMap.java:1429) ~[na:na]
	at org.springframework.kafka.core.KafkaAdmin.checkPartitions(KafkaAdmin.java:529) ~[spring-kafka-3.2.3.jar:3.2.3]
	at org.springframework.kafka.core.KafkaAdmin.addOrModifyTopicsIfNeeded(KafkaAdmin.java:422) ~[spring-kafka-3.2.3.jar:3.2.3]
	at org.springframework.kafka.core.KafkaAdmin.initialize(KafkaAdmin.java:274) ~[spring-kafka-3.2.3.jar:3.2.3]
	at org.springframework.kafka.core.KafkaAdmin.afterSingletonsInstantiated(KafkaAdmin.java:238) ~[spring-kafka-3.2.3.jar:3.2.3]
	at org.springframework.beans.factory.support.DefaultListableBeanFactory.preInstantiateSingletons(DefaultListableBeanFactory.java:986) ~[spring-beans-6.1.12.jar:6.1.12]
	at org.springframework.context.support.AbstractApplicationContext.finishBeanFactoryInitialization(AbstractApplicationContext.java:971) ~[spring-context-6.1.12.jar:6.1.12]
	at org.springframework.context.support.AbstractApplicationContext.refresh(AbstractApplicationContext.java:625) ~[spring-context-6.1.12.jar:6.1.12]
	at org.springframework.boot.SpringApplication.refresh(SpringApplication.java:754) ~[spring-boot-3.3.3.jar:3.3.3]
	at org.springframework.boot.SpringApplication.refreshContext(SpringApplication.java:456) ~[spring-boot-3.3.3.jar:3.3.3]
	at org.springframework.boot.SpringApplication.run(SpringApplication.java:335) ~[spring-boot-3.3.3.jar:3.3.3]
	at org.springframework.boot.test.context.SpringBootContextLoader.lambda$loadContext$3(SpringBootContextLoader.java:137) ~[spring-boot-test-3.3.3.jar:3.3.3]
	at org.springframework.util.function.ThrowingSupplier.get(ThrowingSupplier.java:58) ~[spring-core-6.1.12.jar:6.1.12]
	at org.springframework.util.function.ThrowingSupplier.get(ThrowingSupplier.java:46) ~[spring-core-6.1.12.jar:6.1.12]
	at org.springframework.boot.SpringApplication.withHook(SpringApplication.java:1463) ~[spring-boot-3.3.3.jar:3.3.3]
	at org.springframework.boot.test.context.SpringBootContextLoader$ContextLoaderHook.run(SpringBootContextLoader.java:553) ~[spring-boot-test-3.3.3.jar:3.3.3]
	at org.springframework.boot.test.context.SpringBootContextLoader.loadContext(SpringBootContextLoader.java:137) ~[spring-boot-test-3.3.3.jar:3.3.3]
	at org.springframework.boot.test.context.SpringBootContextLoader.loadContext(SpringBootContextLoader.java:108) ~[spring-boot-test-3.3.3.jar:3.3.3]
	at org.springframework.test.context.cache.DefaultCacheAwareContextLoaderDelegate.loadContextInternal(DefaultCacheAwareContextLoaderDelegate.java:225) ~[spring-test-6.1.12.jar:6.1.12]
	at org.springframework.test.context.cache.DefaultCacheAwareContextLoaderDelegate.loadContext(DefaultCacheAwareContextLoaderDelegate.java:152) ~[spring-test-6.1.12.jar:6.1.12]
	at org.springframework.test.context.support.DefaultTestContext.getApplicationContext(DefaultTestContext.java:130) ~[spring-test-6.1.12.jar:6.1.12]
	at org.springframework.test.context.web.ServletTestExecutionListener.setUpRequestContextIfNecessary(ServletTestExecutionListener.java:191) ~[spring-test-6.1.12.jar:6.1.12]
	at org.springframework.test.context.web.ServletTestExecutionListener.prepareTestInstance(ServletTestExecutionListener.java:130) ~[spring-test-6.1.12.jar:6.1.12]
	at org.springframework.test.context.TestContextManager.prepareTestInstance(TestContextManager.java:260) ~[spring-test-6.1.12.jar:6.1.12]
	at org.springframework.test.context.junit.jupiter.SpringExtension.postProcessTestInstance(SpringExtension.java:163) ~[spring-test-6.1.12.jar:6.1.12]
	at org.junit.jupiter.engine.descriptor.ClassBasedTestDescriptor.lambda$invokeTestInstancePostProcessors$10(ClassBasedTestDescriptor.java:378) ~[junit-jupiter-engine-5.10.3.jar:5.10.3]
	at org.junit.jupiter.engine.descriptor.ClassBasedTestDescriptor.executeAndMaskThrowable(ClassBasedTestDescriptor.java:383) ~[junit-jupiter-engine-5.10.3.jar:5.10.3]
	at org.junit.jupiter.engine.descriptor.ClassBasedTestDescriptor.lambda$invokeTestInstancePostProcessors$11(ClassBasedTestDescriptor.java:378) ~[junit-jupiter-engine-5.10.3.jar:5.10.3]
	at java.base/java.util.stream.ReferencePipeline$3$1.accept(ReferencePipeline.java:197) ~[na:na]
	at java.base/java.util.stream.ReferencePipeline$2$1.accept(ReferencePipeline.java:179) ~[na:na]
	at java.base/java.util.ArrayList$ArrayListSpliterator.forEachRemaining(ArrayList.java:1708) ~[na:na]
	at java.base/java.util.stream.AbstractPipeline.copyInto(AbstractPipeline.java:509) ~[na:na]
	at java.base/java.util.stream.AbstractPipeline.wrapAndCopyInto(AbstractPipeline.java:499) ~[na:na]
	at java.base/java.util.stream.StreamSpliterators$WrappingSpliterator.forEachRemaining(StreamSpliterators.java:310) ~[na:na]
	at java.base/java.util.stream.Streams$ConcatSpliterator.forEachRemaining(Streams.java:735) ~[na:na]
	at java.base/java.util.stream.Streams$ConcatSpliterator.forEachRemaining(Streams.java:734) ~[na:na]
	at java.base/java.util.stream.ReferencePipeline$Head.forEach(ReferencePipeline.java:762) ~[na:na]
	at org.junit.jupiter.engine.descriptor.ClassBasedTestDescriptor.invokeTestInstancePostProcessors(ClassBasedTestDescriptor.java:377) ~[junit-jupiter-engine-5.10.3.jar:5.10.3]
	at org.junit.jupiter.engine.descriptor.ClassBasedTestDescriptor.lambda$instantiateAndPostProcessTestInstance$6(ClassBasedTestDescriptor.java:290) ~[junit-jupiter-engine-5.10.3.jar:5.10.3]
	at org.junit.platform.engine.support.hierarchical.ThrowableCollector.execute(ThrowableCollector.java:73) ~[junit-platform-engine-1.10.3.jar:1.10.3]
	at org.junit.jupiter.engine.descriptor.ClassBasedTestDescriptor.instantiateAndPostProcessTestInstance(ClassBasedTestDescriptor.java:289) ~[junit-jupiter-engine-5.10.3.jar:5.10.3]
	at org.junit.jupiter.engine.descriptor.ClassBasedTestDescriptor.lambda$testInstancesProvider$4(ClassBasedTestDescriptor.java:279) ~[junit-jupiter-engine-5.10.3.jar:5.10.3]
	at java.base/java.util.Optional.orElseGet(Optional.java:364) ~[na:na]
	at org.junit.jupiter.engine.descriptor.ClassBasedTestDescriptor.lambda$testInstancesProvider$5(ClassBasedTestDescriptor.java:278) ~[junit-jupiter-engine-5.10.3.jar:5.10.3]
	at org.junit.jupiter.engine.execution.TestInstancesProvider.getTestInstances(TestInstancesProvider.java:31) ~[junit-jupiter-engine-5.10.3.jar:5.10.3]
	at org.junit.jupiter.engine.descriptor.TestMethodTestDescriptor.lambda$prepare$0(TestMethodTestDescriptor.java:106) ~[junit-jupiter-engine-5.10.3.jar:5.10.3]
	at org.junit.platform.engine.support.hierarchical.ThrowableCollector.execute(ThrowableCollector.java:73) ~[junit-platform-engine-1.10.3.jar:1.10.3]
	at org.junit.jupiter.engine.descriptor.TestMethodTestDescriptor.prepare(TestMethodTestDescriptor.java:105) ~[junit-jupiter-engine-5.10.3.jar:5.10.3]
	at org.junit.jupiter.engine.descriptor.TestMethodTestDescriptor.prepare(TestMethodTestDescriptor.java:69) ~[junit-jupiter-engine-5.10.3.jar:5.10.3]
	at org.junit.platform.engine.support.hierarchical.NodeTestTask.lambda$prepare$2(NodeTestTask.java:123) ~[junit-platform-engine-1.10.3.jar:1.10.3]
	at org.junit.platform.engine.support.hierarchical.ThrowableCollector.execute(ThrowableCollector.java:73) ~[junit-platform-engine-1.10.3.jar:1.10.3]
	at org.junit.platform.engine.support.hierarchical.NodeTestTask.prepare(NodeTestTask.java:123) ~[junit-platform-engine-1.10.3.jar:1.10.3]
	at org.junit.platform.engine.support.hierarchical.NodeTestTask.execute(NodeTestTask.java:90) ~[junit-platform-engine-1.10.3.jar:1.10.3]
	at java.base/java.util.ArrayList.forEach(ArrayList.java:1596) ~[na:na]
	at org.junit.platform.engine.support.hierarchical.SameThreadHierarchicalTestExecutorService.invokeAll(SameThreadHierarchicalTestExecutorService.java:41) ~[junit-platform-engine-1.10.3.jar:1.10.3]
	at org.junit.platform.engine.support.hierarchical.NodeTestTask.lambda$executeRecursively$6(NodeTestTask.java:155) ~[junit-platform-engine-1.10.3.jar:1.10.3]
	at org.junit.platform.engine.support.hierarchical.ThrowableCollector.execute(ThrowableCollector.java:73) ~[junit-platform-engine-1.10.3.jar:1.10.3]
	at org.junit.platform.engine.support.hierarchical.NodeTestTask.lambda$executeRecursively$8(NodeTestTask.java:141) ~[junit-platform-engine-1.10.3.jar:1.10.3]
	at org.junit.platform.engine.support.hierarchical.Node.around(Node.java:137) ~[junit-platform-engine-1.10.3.jar:1.10.3]
	at org.junit.platform.engine.support.hierarchical.NodeTestTask.lambda$executeRecursively$9(NodeTestTask.java:139) ~[junit-platform-engine-1.10.3.jar:1.10.3]
	at org.junit.platform.engine.support.hierarchical.ThrowableCollector.execute(ThrowableCollector.java:73) ~[junit-platform-engine-1.10.3.jar:1.10.3]
	at org.junit.platform.engine.support.hierarchical.NodeTestTask.executeRecursively(NodeTestTask.java:138) ~[junit-platform-engine-1.10.3.jar:1.10.3]
	at org.junit.platform.engine.support.hierarchical.NodeTestTask.execute(NodeTestTask.java:95) ~[junit-platform-engine-1.10.3.jar:1.10.3]
	at java.base/java.util.ArrayList.forEach(ArrayList.java:1596) ~[na:na]
	at org.junit.platform.engine.support.hierarchical.SameThreadHierarchicalTestExecutorService.invokeAll(SameThreadHierarchicalTestExecutorService.java:41) ~[junit-platform-engine-1.10.3.jar:1.10.3]
	at org.junit.platform.engine.support.hierarchical.NodeTestTask.lambda$executeRecursively$6(NodeTestTask.java:155) ~[junit-platform-engine-1.10.3.jar:1.10.3]
	at org.junit.platform.engine.support.hierarchical.ThrowableCollector.execute(ThrowableCollector.java:73) ~[junit-platform-engine-1.10.3.jar:1.10.3]
	at org.junit.platform.engine.support.hierarchical.NodeTestTask.lambda$executeRecursively$8(NodeTestTask.java:141) ~[junit-platform-engine-1.10.3.jar:1.10.3]
	at org.junit.platform.engine.support.hierarchical.Node.around(Node.java:137) ~[junit-platform-engine-1.10.3.jar:1.10.3]
	at org.junit.platform.engine.support.hierarchical.NodeTestTask.lambda$executeRecursively$9(NodeTestTask.java:139) ~[junit-platform-engine-1.10.3.jar:1.10.3]
	at org.junit.platform.engine.support.hierarchical.ThrowableCollector.execute(ThrowableCollector.java:73) ~[junit-platform-engine-1.10.3.jar:1.10.3]
	at org.junit.platform.engine.support.hierarchical.NodeTestTask.executeRecursively(NodeTestTask.java:138) ~[junit-platform-engine-1.10.3.jar:1.10.3]
	at org.junit.platform.engine.support.hierarchical.NodeTestTask.execute(NodeTestTask.java:95) ~[junit-platform-engine-1.10.3.jar:1.10.3]
	at org.junit.platform.engine.support.hierarchical.SameThreadHierarchicalTestExecutorService.submit(SameThreadHierarchicalTestExecutorService.java:35) ~[junit-platform-engine-1.10.3.jar:1.10.3]
	at org.junit.platform.engine.support.hierarchical.HierarchicalTestExecutor.execute(HierarchicalTestExecutor.java:57) ~[junit-platform-engine-1.10.3.jar:1.10.3]
	at org.junit.platform.engine.support.hierarchical.HierarchicalTestEngine.execute(HierarchicalTestEngine.java:54) ~[junit-platform-engine-1.10.3.jar:1.10.3]
	at org.junit.platform.launcher.core.EngineExecutionOrchestrator.execute(EngineExecutionOrchestrator.java:198) ~[junit-platform-launcher-1.10.3.jar:1.10.3]
	at org.junit.platform.launcher.core.EngineExecutionOrchestrator.execute(EngineExecutionOrchestrator.java:169) ~[junit-platform-launcher-1.10.3.jar:1.10.3]
	at org.junit.platform.launcher.core.EngineExecutionOrchestrator.execute(EngineExecutionOrchestrator.java:93) ~[junit-platform-launcher-1.10.3.jar:1.10.3]
	at org.junit.platform.launcher.core.EngineExecutionOrchestrator.lambda$execute$0(EngineExecutionOrchestrator.java:58) ~[junit-platform-launcher-1.10.3.jar:1.10.3]
	at org.junit.platform.launcher.core.EngineExecutionOrchestrator.withInterceptedStreams(EngineExecutionOrchestrator.java:141) ~[junit-platform-launcher-1.10.3.jar:1.10.3]
	at org.junit.platform.launcher.core.EngineExecutionOrchestrator.execute(EngineExecutionOrchestrator.java:57) ~[junit-platform-launcher-1.10.3.jar:1.10.3]
	at org.junit.platform.launcher.core.DefaultLauncher.execute(DefaultLauncher.java:103) ~[junit-platform-launcher-1.10.3.jar:1.10.3]
	at org.junit.platform.launcher.core.DefaultLauncher.execute(DefaultLauncher.java:85) ~[junit-platform-launcher-1.10.3.jar:1.10.3]
	at org.junit.platform.launcher.core.DelegatingLauncher.execute(DelegatingLauncher.java:47) ~[junit-platform-launcher-1.10.3.jar:1.10.3]
	at org.apache.maven.surefire.junitplatform.LazyLauncher.execute(LazyLauncher.java:56) ~[surefire-junit-platform-3.2.5.jar:3.2.5]
	at org.apache.maven.surefire.junitplatform.JUnitPlatformProvider.execute(JUnitPlatformProvider.java:184) ~[surefire-junit-platform-3.2.5.jar:3.2.5]
	at org.apache.maven.surefire.junitplatform.JUnitPlatformProvider.invokeAllTests(JUnitPlatformProvider.java:148) ~[surefire-junit-platform-3.2.5.jar:3.2.5]
	at org.apache.maven.surefire.junitplatform.JUnitPlatformProvider.invoke(JUnitPlatformProvider.java:122) ~[surefire-junit-platform-3.2.5.jar:3.2.5]
	at org.apache.maven.surefire.booter.ForkedBooter.runSuitesInProcess(ForkedBooter.java:385) ~[surefire-booter-3.2.5.jar:3.2.5]
	at org.apache.maven.surefire.booter.ForkedBooter.execute(ForkedBooter.java:162) ~[surefire-booter-3.2.5.jar:3.2.5]
	at org.apache.maven.surefire.booter.ForkedBooter.run(ForkedBooter.java:507) ~[surefire-booter-3.2.5.jar:3.2.5]
	at org.apache.maven.surefire.booter.ForkedBooter.main(ForkedBooter.java:495) ~[surefire-booter-3.2.5.jar:3.2.5]
Caused by: java.util.concurrent.TimeoutException: null
	at java.base/java.util.concurrent.CompletableFuture.timedGet(CompletableFuture.java:1960) ~[na:na]
	at java.base/java.util.concurrent.CompletableFuture.get(CompletableFuture.java:2095) ~[na:na]
	at org.apache.kafka.common.internals.KafkaFutureImpl.get(KafkaFutureImpl.java:180) ~[kafka-clients-3.7.1.jar:na]
	at org.springframework.kafka.core.KafkaAdmin.lambda$checkPartitions$13(KafkaAdmin.java:532) ~[spring-kafka-3.2.3.jar:3.2.3]
	... 93 common frames omitted

2025-03-22T20:40:22.474+07:00  INFO 24116 --- [order-service] [service-admin-0] org.apache.kafka.clients.NetworkClient   : [AdminClient clientId=order-service-admin-0] Node -1 disconnected.
2025-03-22T20:40:22.474+07:00  WARN 24116 --- [order-service] [service-admin-0] org.apache.kafka.clients.NetworkClient   : [AdminClient clientId=order-service-admin-0] Connection to node -1 (localhost/127.0.0.1:9092) could not be established. Node may not be available.
2025-03-22T20:40:23.342+07:00  INFO 24116 --- [order-service] [service-admin-0] org.apache.kafka.clients.NetworkClient   : [AdminClient clientId=order-service-admin-0] Node -1 disconnected.
2025-03-22T20:40:23.342+07:00  WARN 24116 --- [order-service] [service-admin-0] org.apache.kafka.clients.NetworkClient   : [AdminClient clientId=order-service-admin-0] Connection to node -1 (localhost/127.0.0.1:9092) could not be established. Node may not be available.
2025-03-22T20:40:24.427+07:00  INFO 24116 --- [order-service] [service-admin-0] org.apache.kafka.clients.NetworkClient   : [AdminClient clientId=order-service-admin-0] Node -1 disconnected.
2025-03-22T20:40:24.427+07:00  WARN 24116 --- [order-service] [service-admin-0] org.apache.kafka.clients.NetworkClient   : [AdminClient clientId=order-service-admin-0] Connection to node -1 (localhost/127.0.0.1:9092) could not be established. Node may not be available.
2025-03-22T20:40:25.304+07:00  INFO 24116 --- [order-service] [service-admin-0] org.apache.kafka.clients.NetworkClient   : [AdminClient clientId=order-service-admin-0] Node -1 disconnected.
2025-03-22T20:40:25.304+07:00  WARN 24116 --- [order-service] [service-admin-0] org.apache.kafka.clients.NetworkClient   : [AdminClient clientId=order-service-admin-0] Connection to node -1 (localhost/127.0.0.1:9092) could not be established. Node may not be available.
2025-03-22T20:40:26.173+07:00  INFO 24116 --- [order-service] [service-admin-0] org.apache.kafka.clients.NetworkClient   : [AdminClient clientId=order-service-admin-0] Node -1 disconnected.
2025-03-22T20:40:26.173+07:00  WARN 24116 --- [order-service] [service-admin-0] org.apache.kafka.clients.NetworkClient   : [AdminClient clientId=order-service-admin-0] Connection to node -1 (localhost/127.0.0.1:9092) could not be established. Node may not be available.
2025-03-22T20:40:27.266+07:00  INFO 24116 --- [order-service] [service-admin-0] org.apache.kafka.clients.NetworkClient   : [AdminClient clientId=order-service-admin-0] Node -1 disconnected.
2025-03-22T20:40:27.266+07:00  WARN 24116 --- [order-service] [service-admin-0] org.apache.kafka.clients.NetworkClient   : [AdminClient clientId=order-service-admin-0] Connection to node -1 (localhost/127.0.0.1:9092) could not be established. Node may not be available.
2025-03-22T20:40:28.252+07:00  INFO 24116 --- [order-service] [service-admin-0] org.apache.kafka.clients.NetworkClient   : [AdminClient clientId=order-service-admin-0] Node -1 disconnected.
2025-03-22T20:40:28.252+07:00  WARN 24116 --- [order-service] [service-admin-0] org.apache.kafka.clients.NetworkClient   : [AdminClient clientId=order-service-admin-0] Connection to node -1 (localhost/127.0.0.1:9092) could not be established. Node may not be available.
2025-03-22T20:40:29.265+07:00  INFO 24116 --- [order-service] [service-admin-0] org.apache.kafka.clients.NetworkClient   : [AdminClient clientId=order-service-admin-0] Node -1 disconnected.
2025-03-22T20:40:29.265+07:00  WARN 24116 --- [order-service] [service-admin-0] org.apache.kafka.clients.NetworkClient   : [AdminClient clientId=order-service-admin-0] Connection to node -1 (localhost/127.0.0.1:9092) could not be established. Node may not be available.
2025-03-22T20:40:30.275+07:00  INFO 24116 --- [order-service] [service-admin-0] org.apache.kafka.clients.NetworkClient   : [AdminClient clientId=order-service-admin-0] Node -1 disconnected.
2025-03-22T20:40:30.276+07:00  WARN 24116 --- [order-service] [service-admin-0] org.apache.kafka.clients.NetworkClient   : [AdminClient clientId=order-service-admin-0] Connection to node -1 (localhost/127.0.0.1:9092) could not be established. Node may not be available.
2025-03-22T20:40:31.145+07:00  INFO 24116 --- [order-service] [service-admin-0] org.apache.kafka.clients.NetworkClient   : [AdminClient clientId=order-service-admin-0] Node -1 disconnected.
2025-03-22T20:40:31.145+07:00  WARN 24116 --- [order-service] [service-admin-0] org.apache.kafka.clients.NetworkClient   : [AdminClient clientId=order-service-admin-0] Connection to node -1 (localhost/127.0.0.1:9092) could not be established. Node may not be available.
2025-03-22T20:40:32.154+07:00  INFO 24116 --- [order-service] [service-admin-0] o.a.k.clients.admin.KafkaAdminClient     : [AdminClient clientId=order-service-admin-0] Forcing a hard I/O thread shutdown. Requests in progress will be aborted.
2025-03-22T20:40:32.156+07:00  INFO 24116 --- [order-service] [service-admin-0] o.a.kafka.common.utils.AppInfoParser     : App info kafka.admin.client for order-service-admin-0 unregistered
2025-03-22T20:40:32.159+07:00  INFO 24116 --- [order-service] [service-admin-0] o.a.k.c.a.i.AdminMetadataManager         : [AdminClient clientId=order-service-admin-0] Metadata update failed

org.apache.kafka.common.errors.TimeoutException: The AdminClient thread has exited. Call: fetchMetadata

2025-03-22T20:40:32.159+07:00  INFO 24116 --- [order-service] [service-admin-0] o.a.k.clients.admin.KafkaAdminClient     : [AdminClient clientId=order-service-admin-0] Timed out 2 remaining operation(s) during close.
2025-03-22T20:40:32.179+07:00  INFO 24116 --- [order-service] [           main] c.j.OrderServiceApplicationTests         : Started OrderServiceApplicationTests in 43.684 seconds (process running for 45.293)
2025-03-22T20:40:32.185+07:00  INFO 24116 --- [order-service] [service-admin-0] o.apache.kafka.common.metrics.Metrics    : Metrics scheduler closed
2025-03-22T20:40:32.185+07:00  INFO 24116 --- [order-service] [service-admin-0] o.apache.kafka.common.metrics.Metrics    : Closing reporter org.apache.kafka.common.metrics.JmxReporter
2025-03-22T20:40:32.185+07:00  INFO 24116 --- [order-service] [service-admin-0] o.apache.kafka.common.metrics.Metrics    : Metrics reporters closed
]]></system-out>
    <system-err><![CDATA[Mar 22, 2025 8:39:47 PM org.junit.platform.launcher.core.LauncherConfigurationParameters loadClasspathResource
WARNING: Discovered 2 'junit-platform.properties' configuration files in the classpath; only the first will be used.
Mar 22, 2025 8:39:47 PM org.junit.platform.launcher.core.LauncherConfigurationParameters loadClasspathResource
WARNING: Discovered 2 'junit-platform.properties' configuration files in the classpath; only the first will be used.
Mar 22, 2025 8:39:47 PM org.junit.platform.launcher.core.LauncherConfigurationParameters loadClasspathResource
WARNING: Discovered 2 'junit-platform.properties' configuration files in the classpath; only the first will be used.
WARNING: A Java agent has been loaded dynamically (C:\Users\Asus s 14 Oled\.m2\repository\net\bytebuddy\byte-buddy-agent\1.14.19\byte-buddy-agent-1.14.19.jar)
WARNING: If a serviceability tool is in use, please run with -XX:+EnableDynamicAgentLoading to hide this warning
WARNING: If a serviceability tool is not in use, please run with -Djdk.instrument.traceUsage for more information
WARNING: Dynamic loading of agents will be disallowed by default in a future release
]]></system-err>
  </testcase>
</testsuite>